[2025-07-07 19:22:19] load_draft_results.py: ✅ Loaded 180 draft picks for season 2024.
[2025-07-07 20:13:35] load_schedule: ✅ Loaded schedule for all 17 weeks.
[2025-07-07 20:16:48] load_schedule: ✅ Loaded schedule for all 17 weeks.
[2025-07-07 20:18:31] load_schedule: ✅ Loaded schedule for all 17 weeks.
[2025-07-07 20:19:42] load_schedule: ✅ Loaded schedule for all 17 weeks.
[2025-07-07 20:22:17] load_schedule: ✅ Loaded schedule for all 17 weeks.
[2025-07-07 20:33:10] load_schedule: ✅ Loaded schedule for all 17 weeks.
[2025-07-07 20:35:35] load_standings: ✅ Loaded standings for season.
[2025-07-07 20:39:49] load_playoffs: ✅ Loaded playoff results.
[2025-07-08 00:33:59] load_draft_results.py: ✅ Loaded 160 draft picks for season 2019.
[2025-07-08 00:34:01] load_draft_results.py: ✅ Loaded 180 draft picks for season 2020.
[2025-07-08 00:34:03] load_draft_results.py: ✅ Loaded 180 draft picks for season 2021.
[2025-07-08 00:34:05] load_draft_results.py: ✅ Loaded 180 draft picks for season 2022.
[2025-07-08 00:34:06] load_draft_results.py: ✅ Loaded 180 draft picks for season 2023.
[2025-07-08 00:34:08] load_draft_results.py: ✅ Loaded 180 draft picks for season 2024.
[2025-07-08 00:51:58] load_schedule: ✅ Loaded schedule for all 17 weeks.
[2025-07-08 00:54:42] load_playoffs: ✅ Loaded playoff results for all available seasons.
[2025-07-08 00:59:04] load_standings: ✅ Loaded standings for season.
[2025-07-08 01:03:54] load_standings: ✅ Loaded standings for season.
[2025-07-08 01:05:29] load_standings: ✅ Loaded standings for all valid seasons.
[2025-07-08 01:17:29] load_schedule: ✅ Loaded schedule for all 17 weeks.
[2025-07-08 01:17:46] load_playoffs: ✅ Loaded playoff results for all available seasons.
[2025-07-08 01:45:34] load_playoffs: ✅ Loaded playoff results for all available seasons.
[2025-07-08 01:49:46] load_playoffs: ✅ Loaded playoff results for all available seasons.
[2025-07-08 01:52:50] load_schedule: ✅ Loaded schedule for all 17 weeks.
[2025-07-08 02:04:22] load_schedule: ✅ Loaded schedule for all 17 weeks.
[2025-07-08 02:04:40] load_playoffs: ✅ Loaded playoff results for all available seasons.
[2025-07-08 02:06:31] load_schedule: ✅ Loaded schedule for all 17 weeks.
[2025-07-08 02:06:49] load_playoffs: ✅ Loaded playoff results for all available seasons.
[2025-07-08 02:21:48] load_draft_results.py: ✅ Loaded 160 draft picks for season 2019.
[2025-07-08 02:21:49] load_draft_results.py: ✅ Loaded 180 draft picks for season 2020.
[2025-07-08 02:21:51] load_draft_results.py: ✅ Loaded 180 draft picks for season 2021.
[2025-07-08 02:21:52] load_draft_results.py: ✅ Loaded 180 draft picks for season 2022.
[2025-07-08 02:21:54] load_draft_results.py: ✅ Loaded 180 draft picks for season 2023.
[2025-07-08 02:21:55] load_draft_results.py: ✅ Loaded 180 draft picks for season 2024.
[2025-07-08 02:31:13] load_playoffs: ✅ Loaded playoff results for all available seasons.
[2025-07-08 02:31:14] load_draft_results.py: ✅ Loaded 160 draft picks for season 2019.
[2025-07-08 02:31:16] load_draft_results.py: ✅ Loaded 180 draft picks for season 2020.
[2025-07-08 02:31:17] load_draft_results.py: ✅ Loaded 180 draft picks for season 2021.
[2025-07-08 02:31:19] load_draft_results.py: ✅ Loaded 180 draft picks for season 2022.
[2025-07-08 02:31:21] load_draft_results.py: ✅ Loaded 180 draft picks for season 2023.
[2025-07-08 02:31:22] load_draft_results.py: ✅ Loaded 180 draft picks for season 2024.
[2025-07-08 02:43:44] load_draft_results.py: ✅ Loaded 160 draft picks for season 2019.
[2025-07-08 02:43:46] load_draft_results.py: ✅ Loaded 180 draft picks for season 2020.
[2025-07-08 02:43:47] load_draft_results.py: ✅ Loaded 180 draft picks for season 2021.
[2025-07-08 02:43:49] load_draft_results.py: ✅ Loaded 180 draft picks for season 2022.
[2025-07-08 02:43:50] load_draft_results.py: ✅ Loaded 180 draft picks for season 2023.
[2025-07-08 02:43:52] load_draft_results.py: ✅ Loaded 180 draft picks for season 2024.
[2025-07-08 02:44:06] load_standings: ✅ Loaded standings for all valid seasons.
[2025-07-08 02:48:35] load_playoffs: ✅ Loaded playoff results for all available seasons.
[2025-07-08 03:07:22] load_draft_results.py: ✅ Loaded 160 draft picks for season 2019.
[2025-07-08 03:07:23] load_draft_results.py: ✅ Loaded 180 draft picks for season 2020.
[2025-07-08 03:07:25] load_draft_results.py: ✅ Loaded 180 draft picks for season 2021.
[2025-07-08 03:07:26] load_draft_results.py: ✅ Loaded 180 draft picks for season 2022.
[2025-07-08 03:07:28] load_draft_results.py: ✅ Loaded 180 draft picks for season 2023.
[2025-07-08 03:07:29] load_draft_results.py: ✅ Loaded 180 draft picks for season 2024.
[2025-07-08 03:07:49] load_standings: ✅ Loaded standings for all valid seasons.
[2025-07-08 03:08:19] load_playoffs: ✅ Loaded playoff results for all available seasons.
[2025-07-08 03:19:47] load_playoffs: ✅ Loaded playoff results for all available seasons.
[2025-07-08 03:19:48] load_draft_results.py: ✅ Loaded 160 draft picks for season 2019.
[2025-07-08 03:19:50] load_draft_results.py: ✅ Loaded 180 draft picks for season 2020.
[2025-07-08 03:19:52] load_draft_results.py: ✅ Loaded 180 draft picks for season 2021.
[2025-07-08 03:19:54] load_draft_results.py: ✅ Loaded 180 draft picks for season 2022.
[2025-07-08 03:19:55] load_draft_results.py: ✅ Loaded 180 draft picks for season 2023.
[2025-07-08 03:19:57] load_draft_results.py: ✅ Loaded 180 draft picks for season 2024.
[2025-07-08 03:20:10] load_standings: ✅ Loaded standings for all valid seasons.
[2025-07-08 03:24:47] load_schedule: ✅ Loaded schedule for all 17 weeks.
[2025-07-08 03:39:54] load_schedule: ✅ Loaded schedule for all 17 weeks.
[2025-07-08 03:40:12] load_playoffs: ✅ Loaded playoff results for all available seasons.
[2025-07-08 03:40:14] load_draft_results.py: ✅ Loaded 160 draft picks for season 2019.
[2025-07-08 03:40:15] load_draft_results.py: ✅ Loaded 180 draft picks for season 2020.
[2025-07-08 03:40:17] load_draft_results.py: ✅ Loaded 180 draft picks for season 2021.
[2025-07-08 03:40:18] load_draft_results.py: ✅ Loaded 180 draft picks for season 2022.
[2025-07-08 03:40:20] load_draft_results.py: ✅ Loaded 180 draft picks for season 2023.
[2025-07-08 03:40:21] load_draft_results.py: ✅ Loaded 180 draft picks for season 2024.
[2025-07-08 03:40:34] load_standings: ✅ Loaded standings for all valid seasons.
[2025-07-08 03:57:53] load_schedule: ✅ Loaded schedule for all 17 weeks.
[2025-07-08 03:58:11] load_playoffs: ✅ Loaded playoff results for all available seasons.
[2025-07-08 03:58:31] load_standings: ✅ Loaded standings for all valid seasons.
[2025-07-08 04:01:35] load_draft_results.py: ✅ Loaded 160 draft picks for season 2019.
[2025-07-08 04:01:37] load_draft_results.py: ✅ Loaded 180 draft picks for season 2020.
[2025-07-08 04:01:38] load_draft_results.py: ✅ Loaded 180 draft picks for season 2021.
[2025-07-08 04:01:40] load_draft_results.py: ✅ Loaded 180 draft picks for season 2022.
[2025-07-08 04:01:41] load_draft_results.py: ✅ Loaded 180 draft picks for season 2023.
[2025-07-08 04:01:43] load_draft_results.py: ✅ Loaded 180 draft picks for season 2024.
[2025-07-08 04:05:18] load_draft_results.py: ✅ Loaded 160 draft picks for season 2019.
[2025-07-08 04:05:20] load_draft_results.py: ✅ Loaded 180 draft picks for season 2020.
[2025-07-08 04:05:21] load_draft_results.py: ✅ Loaded 180 draft picks for season 2021.
[2025-07-08 04:05:23] load_draft_results.py: ✅ Loaded 180 draft picks for season 2022.
[2025-07-08 04:05:25] load_draft_results.py: ✅ Loaded 180 draft picks for season 2023.
[2025-07-08 04:05:26] load_draft_results.py: ✅ Loaded 180 draft picks for season 2024.
[2025-07-08 04:08:59] load_draft_results.py: ✅ Loaded 160 draft picks for season 2019.
[2025-07-08 04:09:00] load_draft_results.py: ✅ Loaded 180 draft picks for season 2020.
[2025-07-08 04:09:01] load_draft_results.py: ✅ Loaded 180 draft picks for season 2021.
[2025-07-08 04:09:03] load_draft_results.py: ✅ Loaded 180 draft picks for season 2022.
[2025-07-08 04:09:04] load_draft_results.py: ✅ Loaded 180 draft picks for season 2023.
[2025-07-08 04:09:06] load_draft_results.py: ✅ Loaded 180 draft picks for season 2024.
[2025-07-08 04:11:10] load_draft_results.py: ✅ Loaded 160 draft picks for season 2019.
[2025-07-08 04:11:11] load_draft_results.py: ✅ Loaded 180 draft picks for season 2020.
[2025-07-08 04:11:13] load_draft_results.py: ✅ Loaded 180 draft picks for season 2021.
[2025-07-08 04:11:15] load_draft_results.py: ✅ Loaded 180 draft picks for season 2022.
[2025-07-08 04:11:17] load_draft_results.py: ✅ Loaded 180 draft picks for season 2023.
[2025-07-08 04:11:18] load_draft_results.py: ✅ Loaded 180 draft picks for season 2024.
[2025-07-08 04:11:45] load_draft_results.py: ✅ Loaded 160 draft picks for season 2019.
[2025-07-08 04:11:46] load_draft_results.py: ✅ Loaded 180 draft picks for season 2020.
[2025-07-08 04:11:48] load_draft_results.py: ✅ Loaded 180 draft picks for season 2021.
[2025-07-08 04:11:49] load_draft_results.py: ✅ Loaded 180 draft picks for season 2022.
[2025-07-08 04:11:50] load_draft_results.py: ✅ Loaded 180 draft picks for season 2023.
[2025-07-08 04:11:52] load_draft_results.py: ✅ Loaded 180 draft picks for season 2024.
[2025-07-08 04:12:17] load_draft_results.py: ✅ Loaded 160 draft picks for season 2019.
[2025-07-08 04:12:19] load_draft_results.py: ✅ Loaded 180 draft picks for season 2020.
[2025-07-08 04:12:20] load_draft_results.py: ✅ Loaded 180 draft picks for season 2021.
[2025-07-08 04:12:22] load_draft_results.py: ✅ Loaded 180 draft picks for season 2022.
[2025-07-08 04:12:23] load_draft_results.py: ✅ Loaded 180 draft picks for season 2023.
[2025-07-08 04:12:25] load_draft_results.py: ✅ Loaded 180 draft picks for season 2024.
[2025-07-08 04:15:10] load_draft_results.py: ✅ Loaded 160 draft picks for season 2019.
[2025-07-08 04:15:12] load_draft_results.py: ✅ Loaded 180 draft picks for season 2020.
[2025-07-08 04:15:13] load_draft_results.py: ✅ Loaded 180 draft picks for season 2021.
[2025-07-08 04:15:15] load_draft_results.py: ✅ Loaded 180 draft picks for season 2022.
[2025-07-08 04:15:16] load_draft_results.py: ✅ Loaded 180 draft picks for season 2023.
[2025-07-08 04:15:17] load_draft_results.py: ✅ Loaded 180 draft picks for season 2024.
[2025-07-08 04:15:55] load_draft_results.py: ✅ Loaded 160 draft picks for season 2019.
[2025-07-08 04:15:56] load_draft_results.py: ✅ Loaded 180 draft picks for season 2020.
[2025-07-08 04:15:57] load_draft_results.py: ✅ Loaded 180 draft picks for season 2021.
[2025-07-08 04:15:59] load_draft_results.py: ✅ Loaded 180 draft picks for season 2022.
[2025-07-08 04:16:00] load_draft_results.py: ✅ Loaded 180 draft picks for season 2023.
[2025-07-08 04:16:02] load_draft_results.py: ✅ Loaded 180 draft picks for season 2024.
[2025-07-08 04:16:40] load_draft_results.py: ✅ Loaded 160 draft picks for season 2019.
[2025-07-08 04:16:42] load_draft_results.py: ✅ Loaded 180 draft picks for season 2020.
[2025-07-08 04:16:43] load_draft_results.py: ✅ Loaded 180 draft picks for season 2021.
[2025-07-08 04:16:45] load_draft_results.py: ✅ Loaded 180 draft picks for season 2022.
[2025-07-08 04:16:47] load_draft_results.py: ✅ Loaded 180 draft picks for season 2023.
[2025-07-08 04:16:48] load_draft_results.py: ✅ Loaded 180 draft picks for season 2024.
[2025-07-08 04:17:24] load_draft_results.py: ✅ Loaded 160 draft picks for season 2019.
[2025-07-08 04:17:25] load_draft_results.py: ✅ Loaded 180 draft picks for season 2020.
[2025-07-08 04:17:27] load_draft_results.py: ✅ Loaded 180 draft picks for season 2021.
[2025-07-08 04:17:28] load_draft_results.py: ✅ Loaded 180 draft picks for season 2022.
[2025-07-08 04:17:30] load_draft_results.py: ✅ Loaded 180 draft picks for season 2023.
[2025-07-08 04:17:31] load_draft_results.py: ✅ Loaded 180 draft picks for season 2024.
[2025-07-08 04:18:45] load_draft_results.py: ✅ Loaded 160 draft picks for season 2019.
[2025-07-08 04:18:47] load_draft_results.py: ✅ Loaded 180 draft picks for season 2020.
[2025-07-08 04:18:48] load_draft_results.py: ✅ Loaded 180 draft picks for season 2021.
[2025-07-08 04:18:50] load_draft_results.py: ✅ Loaded 180 draft picks for season 2022.
[2025-07-08 04:18:51] load_draft_results.py: ✅ Loaded 180 draft picks for season 2023.
[2025-07-08 04:18:53] load_draft_results.py: ✅ Loaded 180 draft picks for season 2024.
[2025-07-08 04:20:01] load_draft_results.py: ✅ Loaded 160 draft picks for season 2019.
[2025-07-08 04:20:03] load_draft_results.py: ✅ Loaded 180 draft picks for season 2020.
[2025-07-08 04:20:04] load_draft_results.py: ✅ Loaded 180 draft picks for season 2021.
[2025-07-08 04:20:05] load_draft_results.py: ✅ Loaded 180 draft picks for season 2022.
[2025-07-08 04:20:07] load_draft_results.py: ✅ Loaded 180 draft picks for season 2023.
[2025-07-08 04:20:08] load_draft_results.py: ✅ Loaded 180 draft picks for season 2024.
[2025-07-08 04:21:42] load_draft_results.py: ✅ Loaded 160 draft picks for season 2019.
[2025-07-08 04:21:44] load_draft_results.py: ✅ Loaded 180 draft picks for season 2020.
[2025-07-08 04:21:46] load_draft_results.py: ✅ Loaded 180 draft picks for season 2021.
[2025-07-08 04:21:48] load_draft_results.py: ✅ Loaded 180 draft picks for season 2022.
[2025-07-08 04:21:49] load_draft_results.py: ✅ Loaded 180 draft picks for season 2023.
[2025-07-08 04:21:51] load_draft_results.py: ✅ Loaded 180 draft picks for season 2024.
[2025-07-08 04:23:09] load_draft_results.py: ✅ Loaded 160 draft picks for season 2019.
[2025-07-08 04:23:11] load_draft_results.py: ✅ Loaded 180 draft picks for season 2020.
[2025-07-08 04:23:13] load_draft_results.py: ✅ Loaded 180 draft picks for season 2021.
[2025-07-08 04:23:15] load_draft_results.py: ✅ Loaded 180 draft picks for season 2022.
[2025-07-08 04:23:17] load_draft_results.py: ✅ Loaded 180 draft picks for season 2023.
[2025-07-08 04:23:19] load_draft_results.py: ✅ Loaded 180 draft picks for season 2024.
[2025-07-08 04:24:13] load_draft_results.py: ✅ Loaded 160 draft picks for season 2019.
[2025-07-08 04:24:15] load_draft_results.py: ✅ Loaded 180 draft picks for season 2020.
[2025-07-08 04:24:17] load_draft_results.py: ✅ Loaded 180 draft picks for season 2021.
[2025-07-08 04:24:19] load_draft_results.py: ✅ Loaded 180 draft picks for season 2022.
[2025-07-08 04:24:20] load_draft_results.py: ✅ Loaded 180 draft picks for season 2023.
[2025-07-08 04:24:22] load_draft_results.py: ✅ Loaded 180 draft picks for season 2024.
[2025-07-08 04:25:07] load_draft_results.py: ✅ Loaded 160 draft picks for season 2019.
[2025-07-08 04:25:09] load_draft_results.py: ✅ Loaded 180 draft picks for season 2020.
[2025-07-08 04:25:10] load_draft_results.py: ✅ Loaded 180 draft picks for season 2021.
[2025-07-08 04:25:12] load_draft_results.py: ✅ Loaded 180 draft picks for season 2022.
[2025-07-08 04:25:14] load_draft_results.py: ✅ Loaded 180 draft picks for season 2023.
[2025-07-08 04:25:16] load_draft_results.py: ✅ Loaded 180 draft picks for season 2024.
[2025-07-08 04:26:03] load_draft_results.py: ✅ Loaded 160 draft picks for season 2019.
[2025-07-08 04:26:05] load_draft_results.py: ✅ Loaded 180 draft picks for season 2020.
[2025-07-08 04:26:06] load_draft_results.py: ✅ Loaded 180 draft picks for season 2021.
[2025-07-08 04:26:08] load_draft_results.py: ✅ Loaded 180 draft picks for season 2022.
[2025-07-08 04:26:10] load_draft_results.py: ✅ Loaded 180 draft picks for season 2023.
[2025-07-08 04:26:12] load_draft_results.py: ✅ Loaded 180 draft picks for season 2024.
[2025-07-08 04:29:11] load_draft_results.py: ✅ Loaded 160 draft picks for season 2019.
[2025-07-08 04:29:13] load_draft_results.py: ✅ Loaded 180 draft picks for season 2020.
[2025-07-08 04:29:15] load_draft_results.py: ✅ Loaded 180 draft picks for season 2021.
[2025-07-08 04:29:17] load_draft_results.py: ✅ Loaded 180 draft picks for season 2022.
[2025-07-08 04:29:19] load_draft_results.py: ✅ Loaded 180 draft picks for season 2023.
[2025-07-08 04:29:21] load_draft_results.py: ✅ Loaded 180 draft picks for season 2024.
[2025-07-08 04:31:08] load_draft_results.py: ✅ Loaded 160 draft picks for season 2019.
[2025-07-08 04:31:10] load_draft_results.py: ✅ Loaded 180 draft picks for season 2020.
[2025-07-08 04:31:12] load_draft_results.py: ✅ Loaded 180 draft picks for season 2021.
[2025-07-08 04:31:14] load_draft_results.py: ✅ Loaded 180 draft picks for season 2022.
[2025-07-08 04:31:16] load_draft_results.py: ✅ Loaded 180 draft picks for season 2023.
[2025-07-08 04:31:18] load_draft_results.py: ✅ Loaded 180 draft picks for season 2024.
[2025-07-08 04:32:05] load_draft_results.py: ✅ Loaded 160 draft picks for season 2019.
[2025-07-08 04:32:06] load_draft_results.py: ✅ Loaded 180 draft picks for season 2020.
[2025-07-08 04:32:08] load_draft_results.py: ✅ Loaded 180 draft picks for season 2021.
[2025-07-08 04:32:10] load_draft_results.py: ✅ Loaded 180 draft picks for season 2022.
[2025-07-08 04:32:12] load_draft_results.py: ✅ Loaded 180 draft picks for season 2023.
[2025-07-08 04:32:14] load_draft_results.py: ✅ Loaded 180 draft picks for season 2024.
[2025-07-08 04:32:51] load_draft_results.py: ✅ Loaded 160 draft picks for season 2019.
[2025-07-08 04:32:53] load_draft_results.py: ✅ Loaded 180 draft picks for season 2020.
[2025-07-08 04:32:55] load_draft_results.py: ✅ Loaded 180 draft picks for season 2021.
[2025-07-08 04:32:58] load_draft_results.py: ✅ Loaded 180 draft picks for season 2022.
[2025-07-08 04:33:00] load_draft_results.py: ✅ Loaded 180 draft picks for season 2023.
[2025-07-08 04:33:02] load_draft_results.py: ✅ Loaded 180 draft picks for season 2024.
[2025-07-08 04:33:46] load_draft_results.py: ✅ Loaded 160 draft picks for season 2019.
[2025-07-08 04:33:48] load_draft_results.py: ✅ Loaded 180 draft picks for season 2020.
[2025-07-08 04:33:50] load_draft_results.py: ✅ Loaded 180 draft picks for season 2021.
[2025-07-08 04:33:52] load_draft_results.py: ✅ Loaded 180 draft picks for season 2022.
[2025-07-08 04:33:54] load_draft_results.py: ✅ Loaded 180 draft picks for season 2023.
[2025-07-08 04:33:56] load_draft_results.py: ✅ Loaded 180 draft picks for season 2024.
[2025-07-08 04:34:45] load_draft_results.py: ✅ Loaded 160 draft picks for season 2019.
[2025-07-08 04:34:47] load_draft_results.py: ✅ Loaded 180 draft picks for season 2020.
[2025-07-08 04:34:49] load_draft_results.py: ✅ Loaded 180 draft picks for season 2021.
[2025-07-08 04:34:51] load_draft_results.py: ✅ Loaded 180 draft picks for season 2022.
[2025-07-08 04:34:53] load_draft_results.py: ✅ Loaded 180 draft picks for season 2023.
[2025-07-08 04:34:55] load_draft_results.py: ✅ Loaded 180 draft picks for season 2024.
[2025-07-08 04:35:33] load_draft_results.py: ✅ Loaded 160 draft picks for season 2019.
[2025-07-08 04:35:35] load_draft_results.py: ✅ Loaded 180 draft picks for season 2020.
[2025-07-08 04:35:37] load_draft_results.py: ✅ Loaded 180 draft picks for season 2021.
[2025-07-08 04:35:38] load_draft_results.py: ✅ Loaded 180 draft picks for season 2022.
[2025-07-08 04:35:40] load_draft_results.py: ✅ Loaded 180 draft picks for season 2023.
[2025-07-08 04:35:42] load_draft_results.py: ✅ Loaded 180 draft picks for season 2024.
[2025-07-08 04:37:38] load_draft_results.py: ✅ Loaded 160 draft picks for season 2019.
[2025-07-08 04:37:40] load_draft_results.py: ✅ Loaded 180 draft picks for season 2020.
[2025-07-08 04:37:41] load_draft_results.py: ✅ Loaded 180 draft picks for season 2021.
[2025-07-08 04:37:43] load_draft_results.py: ✅ Loaded 180 draft picks for season 2022.
[2025-07-08 04:37:45] load_draft_results.py: ✅ Loaded 180 draft picks for season 2023.
[2025-07-08 04:37:47] load_draft_results.py: ✅ Loaded 180 draft picks for season 2024.
[2025-07-08 04:39:08] load_draft_results.py: ✅ Loaded 160 draft picks for season 2019.
[2025-07-08 04:39:10] load_draft_results.py: ✅ Loaded 180 draft picks for season 2020.
[2025-07-08 04:39:13] load_draft_results.py: ✅ Loaded 180 draft picks for season 2021.
[2025-07-08 04:39:15] load_draft_results.py: ✅ Loaded 180 draft picks for season 2022.
[2025-07-08 04:39:17] load_draft_results.py: ✅ Loaded 180 draft picks for season 2023.
[2025-07-08 04:39:18] load_draft_results.py: ✅ Loaded 180 draft picks for season 2024.
[2025-07-08 04:44:10] load_draft_results.py: ✅ Loaded 160 draft picks for season 2019.
[2025-07-08 04:44:12] load_draft_results.py: ✅ Loaded 180 draft picks for season 2020.
[2025-07-08 04:44:14] load_draft_results.py: ✅ Loaded 180 draft picks for season 2021.
[2025-07-08 04:44:16] load_draft_results.py: ✅ Loaded 180 draft picks for season 2022.
[2025-07-08 04:44:19] load_draft_results.py: ✅ Loaded 180 draft picks for season 2023.
[2025-07-08 04:44:22] load_draft_results.py: ✅ Loaded 180 draft picks for season 2024.
[2025-07-08 11:14:57] load_draft_results.py: ✅ Loaded 160 draft picks for season 2019.
[2025-07-08 11:14:59] load_draft_results.py: ✅ Loaded 180 draft picks for season 2020.
[2025-07-08 11:15:01] load_draft_results.py: ✅ Loaded 180 draft picks for season 2021.
[2025-07-08 11:15:03] load_draft_results.py: ✅ Loaded 180 draft picks for season 2022.
[2025-07-08 11:15:05] load_draft_results.py: ✅ Loaded 180 draft picks for season 2023.
[2025-07-08 11:15:07] load_draft_results.py: ✅ Loaded 180 draft picks for season 2024.
[2025-07-08 11:16:23] load_draft_results.py: ✅ Loaded 160 draft picks for season 2019.
[2025-07-08 11:16:25] load_draft_results.py: ✅ Loaded 180 draft picks for season 2020.
[2025-07-08 11:16:26] load_draft_results.py: ✅ Loaded 180 draft picks for season 2021.
[2025-07-08 11:16:28] load_draft_results.py: ✅ Loaded 180 draft picks for season 2022.
[2025-07-08 11:16:30] load_draft_results.py: ✅ Loaded 180 draft picks for season 2023.
[2025-07-08 11:16:32] load_draft_results.py: ✅ Loaded 180 draft picks for season 2024.
[2025-07-08 11:17:09] load_draft_results.py: ✅ Loaded 160 draft picks for season 2019.
[2025-07-08 11:17:11] load_draft_results.py: ✅ Loaded 180 draft picks for season 2020.
[2025-07-08 11:17:13] load_draft_results.py: ✅ Loaded 180 draft picks for season 2021.
[2025-07-08 11:17:15] load_draft_results.py: ✅ Loaded 180 draft picks for season 2022.
[2025-07-08 11:17:17] load_draft_results.py: ✅ Loaded 180 draft picks for season 2023.
[2025-07-08 11:17:19] load_draft_results.py: ✅ Loaded 180 draft picks for season 2024.
[2025-07-08 12:00:10] load_schedule: ✅ Loaded schedule for all 17 weeks.
[2025-07-08 12:00:38] load_playoffs: ✅ Loaded playoff results for all available seasons.
[2025-07-08 12:07:25] load_schedule: ✅ Loaded schedule for all 17 weeks.
[2025-07-08 12:25:08] load_standings: ✅ Loaded standings for all valid seasons.
[2025-07-08 15:42:52] load_standings: ✅ Loaded standings for all valid seasons.
[2025-07-08 15:54:45] load_standings: ✅ Loaded standings for all valid seasons.
[2025-07-08 15:55:31] load_playoffs: ✅ Loaded playoff results for all available seasons.
[2025-07-08 16:02:36] load_schedule: ✅ Loaded schedule for all 17 weeks.
[2025-07-08 16:09:45] load_standings: ✅ Loaded standings for all valid seasons.
[2025-07-08 16:10:29] load_schedule: ✅ Loaded schedule for all 17 weeks.
[2025-07-08 16:11:14] load_playoffs: ✅ Loaded playoff results for all available seasons.
[2025-07-08 16:17:19] load_draft_results.py: ✅ Loaded 160 draft picks for season 2019.
[2025-07-08 16:17:21] load_draft_results.py: ✅ Loaded 180 draft picks for season 2020.
[2025-07-08 16:17:23] load_draft_results.py: ✅ Loaded 180 draft picks for season 2021.
[2025-07-08 16:17:25] load_draft_results.py: ✅ Loaded 180 draft picks for season 2022.
[2025-07-08 16:17:27] load_draft_results.py: ✅ Loaded 180 draft picks for season 2023.
[2025-07-08 16:17:29] load_draft_results.py: ✅ Loaded 180 draft picks for season 2024.
[2025-07-08 16:19:34] load_draft_results.py: ✅ Loaded 160 draft picks for season 2019.
[2025-07-08 16:19:36] load_draft_results.py: ✅ Loaded 180 draft picks for season 2020.
[2025-07-08 16:19:38] load_draft_results.py: ✅ Loaded 180 draft picks for season 2021.
[2025-07-08 16:19:40] load_draft_results.py: ✅ Loaded 180 draft picks for season 2022.
[2025-07-08 16:19:42] load_draft_results.py: ✅ Loaded 180 draft picks for season 2023.
[2025-07-08 16:19:44] load_draft_results.py: ✅ Loaded 180 draft picks for season 2024.
[2025-07-08 16:21:31] load_draft_results.py: ✅ Loaded 160 draft picks for season 2019.
[2025-07-08 16:21:33] load_draft_results.py: ✅ Loaded 180 draft picks for season 2020.
[2025-07-08 16:21:35] load_draft_results.py: ✅ Loaded 180 draft picks for season 2021.
[2025-07-08 16:21:37] load_draft_results.py: ✅ Loaded 180 draft picks for season 2022.
[2025-07-08 16:21:39] load_draft_results.py: ✅ Loaded 180 draft picks for season 2023.
[2025-07-08 16:21:40] load_draft_results.py: ✅ Loaded 180 draft picks for season 2024.
[2025-07-08 16:27:02] load_standings: ✅ Loaded standings for all valid seasons.
[2025-07-08 16:27:43] load_schedule: ✅ Loaded schedule for all 17 weeks.
[2025-07-08 16:28:05] load_draft_results.py: ✅ Loaded 160 draft picks for season 2019.
[2025-07-08 16:28:07] load_draft_results.py: ✅ Loaded 180 draft picks for season 2020.
[2025-07-08 16:28:08] load_draft_results.py: ✅ Loaded 180 draft picks for season 2021.
[2025-07-08 16:28:10] load_draft_results.py: ✅ Loaded 180 draft picks for season 2022.
[2025-07-08 16:28:12] load_draft_results.py: ✅ Loaded 180 draft picks for season 2023.
[2025-07-08 16:28:14] load_draft_results.py: ✅ Loaded 180 draft picks for season 2024.
[2025-07-08 16:28:30] load_playoffs: ✅ Loaded playoff results for all available seasons.
[2025-07-15 22:18:06] load_draft_results.py: ✅ Loaded 160 draft picks for season 2019.
[2025-07-15 22:18:09] load_draft_results.py: ✅ Loaded 180 draft picks for season 2020.
[2025-07-15 22:18:11] load_draft_results.py: ✅ Loaded 180 draft picks for season 2021.
[2025-07-15 22:18:13] load_draft_results.py: ✅ Loaded 180 draft picks for season 2022.
[2025-07-15 22:18:15] load_draft_results.py: ✅ Loaded 180 draft picks for season 2023.
[2025-07-15 22:18:17] load_draft_results.py: ✅ Loaded 180 draft picks for season 2024.
[2025-07-15 22:19:44] load_draft_results.py: ✅ Loaded 160 draft picks for season 2019.
[2025-07-15 22:19:46] load_draft_results.py: ✅ Loaded 180 draft picks for season 2020.
[2025-07-15 22:19:48] load_draft_results.py: ✅ Loaded 180 draft picks for season 2021.
[2025-07-15 22:19:50] load_draft_results.py: ✅ Loaded 180 draft picks for season 2022.
[2025-07-15 22:19:52] load_draft_results.py: ✅ Loaded 180 draft picks for season 2023.
[2025-07-15 22:19:54] load_draft_results.py: ✅ Loaded 180 draft picks for season 2024.
