2019,5,2,Kerryon Johnson
2019,5,3,Derrius Guice
2019,8,3,Alshon Jeffery
2019,8,5,Sammy Watkins
2019,11,5,Dede Westbrook
2019,11,8,Royce Freeman
2019,11,10,Dante Pettis
2019,13,3,Riley Ridley
2019,13,5,Stephen Gostkowski
2019,14,1,Kalen Ballage
2019,14,8,Darwin Thompson
2019,14,9,Vance McDonald
2019,15,9,Peyton Barber
2019,16,7,Michael Badgley
2020,9,3,Kerryon Johnson
2020,10,4,Henry Ruggs III
2020,10,11,Ke'Shawn Vaughn
2020,11,11,Mecole Hardman
2020,12,6,N'Keal Harry
2020,13,8,Jalen Reagor
2020,14,11,Anthony Miller
2020,15,4,Stephen Gostkowski
2020,15,7,Sammy Watkins
2020,15,9,Parris Campbell
2021,9,5,Trey Sermon
2021,9,12,Terrace Marshall Jr.
2021,11,11,Laviska Shenault Jr.
2021,13,5,Marquez Callaway
2021,14,6,Mecole Hardman
2021,14,10,Henry Ruggs III
2021,15,4,Jalen Reagor
2021,15,5,Sam Ficken
2021,15,9,Dee Eskridge
2022,12,9,Treylon Burks
2022,13,4,Irv Smith Jr.
2022,13,6,Skyy Moore
2023,10,7,Skyy Moore
2023,10,12,Sam Howell
2023,11,6,Treylon Burks
2023,11,12,Desmond Ridder
2023,13,6,Chigoziem Okonkwo
2023,14,1,Tank Dell
2023,15,12,Jonathan Mingo
2024,7,2,Tank Dell
2024,10,6,Blake Corum
2024,11,5,Hollywood Brown
2024,11,8,Jonathon Brooks
2024,13,2,DeMario Douglas
2024,15,11,Trey Benson
2019,5,2,Kerryon Johnson
2019,5,3,Derrius Guice
2019,8,3,Alshon Jeffery
2019,8,5,Sammy Watkins
2019,11,5,Dede Westbrook
2019,11,8,Royce Freeman
2019,11,10,Dante Pettis
2019,13,3,Riley Ridley
2019,13,5,Stephen Gostkowski
2019,14,1,Kalen Ballage
2019,14,8,Darwin Thompson
2019,14,9,Vance McDonald
2019,15,9,Peyton Barber
2019,16,7,Michael Badgley
2020,9,3,Kerryon Johnson
2020,10,4,Henry Ruggs III
2020,10,11,Ke'Shawn Vaughn
2020,11,11,Mecole Hardman
2020,12,6,N'Keal Harry
2020,13,8,Jalen Reagor
2020,14,11,Anthony Miller
2020,15,4,Stephen Gostkowski
2020,15,7,Sammy Watkins
2020,15,9,Parris Campbell
2021,9,5,Trey Sermon
2021,9,12,Terrace Marshall Jr.
2021,11,11,Laviska Shenault Jr.
2021,13,5,Marquez Callaway
2021,14,6,Mecole Hardman
2021,14,10,Henry Ruggs III
2021,15,4,Jalen Reagor
2021,15,5,Sam Ficken
2021,15,9,Dee Eskridge
2022,12,9,Treylon Burks
2022,13,4,Irv Smith Jr.
2022,13,6,Skyy Moore
2023,10,7,Skyy Moore
2023,10,12,Sam Howell
2023,11,6,Treylon Burks
2023,11,12,Desmond Ridder
2023,13,6,Chigoziem Okonkwo
2023,14,1,Tank Dell
2023,15,12,Jonathan Mingo
2024,7,2,Tank Dell
2024,10,6,Blake Corum
2024,11,5,Hollywood Brown
2024,11,8,Jonathon Brooks
2024,13,2,DeMario Douglas
2024,15,11,Trey Benson
2019,5,2,Kerryon Johnson
2019,5,3,Derrius Guice
2019,8,3,Alshon Jeffery
2019,8,5,Sammy Watkins
2019,11,5,Dede Westbrook
2019,11,8,Royce Freeman
2019,11,10,Dante Pettis
2019,13,3,Riley Ridley
2019,13,5,Stephen Gostkowski
2019,14,1,Kalen Ballage
2019,14,8,Darwin Thompson
2019,14,9,Vance McDonald
2019,15,9,Peyton Barber
2019,16,7,Michael Badgley
2020,9,3,Kerryon Johnson
2020,10,4,Henry Ruggs III
2020,10,11,Ke'Shawn Vaughn
2020,11,11,Mecole Hardman
2020,12,6,N'Keal Harry
2020,13,8,Jalen Reagor
2020,14,11,Anthony Miller
2020,15,4,Stephen Gostkowski
2020,15,7,Sammy Watkins
2020,15,9,Parris Campbell
2021,9,5,Trey Sermon
2021,9,12,Terrace Marshall Jr.
2021,11,11,Laviska Shenault Jr.
2021,13,5,Marquez Callaway
2021,14,6,Mecole Hardman
2021,14,10,Henry Ruggs III
2021,15,4,Jalen Reagor
2021,15,5,Sam Ficken
2021,15,9,Dee Eskridge
2022,12,9,Treylon Burks
2022,13,4,Irv Smith Jr.
2022,13,6,Skyy Moore
2023,10,7,Skyy Moore
2023,10,12,Sam Howell
2023,11,6,Treylon Burks
2023,11,12,Desmond Ridder
2023,13,6,Chigoziem Okonkwo
2023,14,1,Tank Dell
2023,15,12,Jonathan Mingo
2024,7,2,Tank Dell
2024,10,6,Blake Corum
2024,11,5,Hollywood Brown
2024,11,8,Jonathon Brooks
2024,13,2,DeMario Douglas
2024,15,11,Trey Benson
2019,5,2,Kerryon Johnson
2019,5,3,Derrius Guice
2019,8,3,Alshon Jeffery
2019,8,5,Sammy Watkins
2019,11,5,Dede Westbrook
2019,11,8,Royce Freeman
2019,11,10,Dante Pettis
2019,13,3,Riley Ridley
2019,13,5,Stephen Gostkowski
2019,14,1,Kalen Ballage
2019,14,8,Darwin Thompson
2019,14,9,Vance McDonald
2019,15,9,Peyton Barber
2019,16,7,Michael Badgley
2020,9,3,Kerryon Johnson
2020,10,4,Henry Ruggs III
2020,10,11,Ke'Shawn Vaughn
2020,11,11,Mecole Hardman
2020,12,6,N'Keal Harry
2020,13,8,Jalen Reagor
2020,14,11,Anthony Miller
2020,15,4,Stephen Gostkowski
2020,15,7,Sammy Watkins
2020,15,9,Parris Campbell
2021,9,5,Trey Sermon
2021,9,12,Terrace Marshall Jr.
2021,11,11,Laviska Shenault Jr.
2021,13,5,Marquez Callaway
2021,14,6,Mecole Hardman
2021,14,10,Henry Ruggs III
2021,15,4,Jalen Reagor
2021,15,5,Sam Ficken
2021,15,9,Dee Eskridge
2022,12,9,Treylon Burks
2022,13,4,Irv Smith Jr.
2022,13,6,Skyy Moore
2023,10,7,Skyy Moore
2023,10,12,Sam Howell
2023,11,6,Treylon Burks
2023,11,12,Desmond Ridder
2023,13,6,Chigoziem Okonkwo
2023,14,1,Tank Dell
2023,15,12,Jonathan Mingo
2024,7,2,Tank Dell
2024,10,6,Blake Corum
2024,11,5,Hollywood Brown
2024,11,8,Jonathon Brooks
2024,13,2,DeMario Douglas
2024,15,11,Trey Benson
2019,5,2,Kerryon Johnson
2019,5,3,Derrius Guice
2019,8,3,Alshon Jeffery
2019,8,5,Sammy Watkins
2019,11,5,Dede Westbrook
2019,11,8,Royce Freeman
2019,11,10,Dante Pettis
2019,13,3,Riley Ridley
2019,13,5,Stephen Gostkowski
2019,14,1,Kalen Ballage
2019,14,8,Darwin Thompson
2019,14,9,Vance McDonald
2019,15,9,Peyton Barber
2019,16,7,Michael Badgley
2020,9,3,Kerryon Johnson
2020,10,4,Henry Ruggs III
2020,10,11,Ke'Shawn Vaughn
2020,11,11,Mecole Hardman
2020,12,6,N'Keal Harry
2020,13,8,Jalen Reagor
2020,14,11,Anthony Miller
2020,15,4,Stephen Gostkowski
2020,15,7,Sammy Watkins
2020,15,9,Parris Campbell
2021,9,5,Trey Sermon
2021,9,12,Terrace Marshall Jr.
2021,11,11,Laviska Shenault Jr.
2021,13,5,Marquez Callaway
2021,14,6,Mecole Hardman
2021,14,10,Henry Ruggs III
2021,15,4,Jalen Reagor
2021,15,5,Sam Ficken
2021,15,9,Dee Eskridge
2022,12,9,Treylon Burks
2022,13,4,Irv Smith Jr.
2022,13,6,Skyy Moore
2023,10,7,Skyy Moore
2023,10,12,Sam Howell
2023,11,6,Treylon Burks
2023,11,12,Desmond Ridder
2023,13,6,Chigoziem Okonkwo
2023,14,1,Tank Dell
2023,15,12,Jonathan Mingo
2024,7,2,Tank Dell
2024,10,6,Blake Corum
2024,11,5,Hollywood Brown
2024,11,8,Jonathon Brooks
2024,13,2,DeMario Douglas
2024,15,11,Trey Benson
2019,5,2,Kerryon Johnson
2019,5,3,Derrius Guice
2019,8,3,Alshon Jeffery
2019,8,5,Sammy Watkins
2019,11,5,Dede Westbrook
2019,11,8,Royce Freeman
2019,11,10,Dante Pettis
2019,13,3,Riley Ridley
2019,13,5,Stephen Gostkowski
2019,14,1,Kalen Ballage
2019,14,8,Darwin Thompson
2019,14,9,Vance McDonald
2019,15,9,Peyton Barber
2019,16,7,Michael Badgley
2020,9,3,Kerryon Johnson
2020,10,4,Henry Ruggs III
2020,10,11,Ke'Shawn Vaughn
2020,11,11,Mecole Hardman
2020,12,6,N'Keal Harry
2020,13,8,Jalen Reagor
2020,14,11,Anthony Miller
2020,15,4,Stephen Gostkowski
2020,15,7,Sammy Watkins
2020,15,9,Parris Campbell
2021,9,5,Trey Sermon
2021,9,12,Terrace Marshall Jr.
2021,11,11,Laviska Shenault Jr.
2021,13,5,Marquez Callaway
2021,14,6,Mecole Hardman
2021,14,10,Henry Ruggs III
2021,15,4,Jalen Reagor
2021,15,5,Sam Ficken
2021,15,9,Dee Eskridge
2022,12,9,Treylon Burks
2022,13,4,Irv Smith Jr.
2022,13,6,Skyy Moore
2023,10,7,Skyy Moore
2023,10,12,Sam Howell
2023,11,6,Treylon Burks
2023,11,12,Desmond Ridder
2023,13,6,Chigoziem Okonkwo
2023,14,1,Tank Dell
2023,15,12,Jonathan Mingo
2024,7,2,Tank Dell
2024,10,6,Blake Corum
2024,11,5,Hollywood Brown
2024,11,8,Jonathon Brooks
2024,13,2,DeMario Douglas
2024,15,11,Trey Benson
2019,5,2,Kerryon Johnson
2019,5,3,Derrius Guice
2019,8,3,Alshon Jeffery
2019,8,5,Sammy Watkins
2019,11,5,Dede Westbrook
2019,11,8,Royce Freeman
2019,11,10,Dante Pettis
2019,13,3,Riley Ridley
2019,13,5,Stephen Gostkowski
2019,14,1,Kalen Ballage
2019,14,8,Darwin Thompson
2019,14,9,Vance McDonald
2019,15,9,Peyton Barber
2019,16,7,Michael Badgley
2020,9,3,Kerryon Johnson
2020,10,4,Henry Ruggs III
2020,10,11,Ke'Shawn Vaughn
2020,11,11,Mecole Hardman
2020,12,6,N'Keal Harry
2020,13,8,Jalen Reagor
2020,14,11,Anthony Miller
2020,15,4,Stephen Gostkowski
2020,15,7,Sammy Watkins
2020,15,9,Parris Campbell
2021,9,5,Trey Sermon
2021,9,12,Terrace Marshall Jr.
2021,11,11,Laviska Shenault Jr.
2021,13,5,Marquez Callaway
2021,14,6,Mecole Hardman
2021,14,10,Henry Ruggs III
2021,15,4,Jalen Reagor
2021,15,5,Sam Ficken
2021,15,9,Dee Eskridge
2022,12,9,Treylon Burks
2022,13,4,Irv Smith Jr.
2022,13,6,Skyy Moore
2023,10,7,Skyy Moore
2023,10,12,Sam Howell
2023,11,6,Treylon Burks
2023,11,12,Desmond Ridder
2023,13,6,Chigoziem Okonkwo
2023,14,1,Tank Dell
2023,15,12,Jonathan Mingo
2024,7,2,Tank Dell
2024,10,6,Blake Corum
2024,11,5,Hollywood Brown
2024,11,8,Jonathon Brooks
2024,13,2,DeMario Douglas
2024,15,11,Trey Benson
2019,5,2,Kerryon Johnson
2019,5,3,Derrius Guice
2019,8,3,Alshon Jeffery
2019,8,5,Sammy Watkins
2019,11,5,Dede Westbrook
2019,11,8,Royce Freeman
2019,11,10,Dante Pettis
2019,13,3,Riley Ridley
2019,13,5,Stephen Gostkowski
2019,14,1,Kalen Ballage
2019,14,8,Darwin Thompson
2019,14,9,Vance McDonald
2019,15,9,Peyton Barber
2019,16,7,Michael Badgley
2020,9,3,Kerryon Johnson
2020,10,4,Henry Ruggs III
2020,10,11,Ke'Shawn Vaughn
2020,11,11,Mecole Hardman
2020,12,6,N'Keal Harry
2020,13,8,Jalen Reagor
2020,14,11,Anthony Miller
2020,15,4,Stephen Gostkowski
2020,15,7,Sammy Watkins
2020,15,9,Parris Campbell
2021,9,5,Trey Sermon
2021,9,12,Terrace Marshall Jr.
2021,11,11,Laviska Shenault Jr.
2021,13,5,Marquez Callaway
2021,14,6,Mecole Hardman
2021,14,10,Henry Ruggs III
2021,15,4,Jalen Reagor
2021,15,5,Sam Ficken
2021,15,9,Dee Eskridge
2022,12,9,Treylon Burks
2022,13,4,Irv Smith Jr.
2022,13,6,Skyy Moore
2023,10,7,Skyy Moore
2023,10,12,Sam Howell
2023,11,6,Treylon Burks
2023,11,12,Desmond Ridder
2023,13,6,Chigoziem Okonkwo
2023,14,1,Tank Dell
2023,15,12,Jonathan Mingo
2024,7,2,Tank Dell
2024,10,6,Blake Corum
2024,11,5,Hollywood Brown
2024,11,8,Jonathon Brooks
2024,13,2,DeMario Douglas
2024,15,11,Trey Benson
2019,5,2,Kerryon Johnson
2019,5,3,Derrius Guice
2019,8,3,Alshon Jeffery
2019,8,5,Sammy Watkins
2019,11,5,Dede Westbrook
2019,11,8,Royce Freeman
2019,11,10,Dante Pettis
2019,13,3,Riley Ridley
2019,13,5,Stephen Gostkowski
2019,14,1,Kalen Ballage
2019,14,8,Darwin Thompson
2019,14,9,Vance McDonald
2019,15,9,Peyton Barber
2019,16,7,Michael Badgley
2020,9,3,Kerryon Johnson
2020,10,4,Henry Ruggs III
2020,10,11,Ke'Shawn Vaughn
2020,11,11,Mecole Hardman
2020,12,6,N'Keal Harry
2020,13,8,Jalen Reagor
2020,14,11,Anthony Miller
2020,15,4,Stephen Gostkowski
2020,15,7,Sammy Watkins
2020,15,9,Parris Campbell
2021,9,5,Trey Sermon
2021,9,12,Terrace Marshall Jr.
2021,11,11,Laviska Shenault Jr.
2021,13,5,Marquez Callaway
2021,14,6,Mecole Hardman
2021,14,10,Henry Ruggs III
2021,15,4,Jalen Reagor
2021,15,5,Sam Ficken
2021,15,9,Dee Eskridge
2022,12,9,Treylon Burks
2022,13,4,Irv Smith Jr.
2022,13,6,Skyy Moore
2023,10,7,Skyy Moore
2023,10,12,Sam Howell
2023,11,6,Treylon Burks
2023,11,12,Desmond Ridder
2023,13,6,Chigoziem Okonkwo
2023,14,1,Tank Dell
2023,15,12,Jonathan Mingo
2024,7,2,Tank Dell
2024,10,6,Blake Corum
2024,11,5,Hollywood Brown
2024,11,8,Jonathon Brooks
2024,13,2,DeMario Douglas
2024,15,11,Trey Benson
2019,5,2,Kerryon Johnson
2019,5,3,Derrius Guice
2019,8,3,Alshon Jeffery
2019,8,5,Sammy Watkins
2019,11,5,Dede Westbrook
2019,11,8,Royce Freeman
2019,11,10,Dante Pettis
2019,13,3,Riley Ridley
2019,13,5,Stephen Gostkowski
2019,14,1,Kalen Ballage
2019,14,8,Darwin Thompson
2019,14,9,Vance McDonald
2019,15,9,Peyton Barber
2019,16,7,Michael Badgley
2020,9,3,Kerryon Johnson
2020,10,4,Henry Ruggs III
2020,10,11,Ke'Shawn Vaughn
2020,11,11,Mecole Hardman
2020,12,6,N'Keal Harry
2020,13,8,Jalen Reagor
2020,14,11,Anthony Miller
2020,15,4,Stephen Gostkowski
2020,15,7,Sammy Watkins
2020,15,9,Parris Campbell
2021,9,5,Trey Sermon
2021,9,12,Terrace Marshall Jr.
2021,11,11,Laviska Shenault Jr.
2021,13,5,Marquez Callaway
2021,14,6,Mecole Hardman
2021,14,10,Henry Ruggs III
2021,15,4,Jalen Reagor
2021,15,5,Sam Ficken
2021,15,9,Dee Eskridge
2022,12,9,Treylon Burks
2022,13,4,Irv Smith Jr.
2022,13,6,Skyy Moore
2023,10,7,Skyy Moore
2023,10,12,Sam Howell
2023,11,6,Treylon Burks
2023,11,12,Desmond Ridder
2023,13,6,Chigoziem Okonkwo
2023,14,1,Tank Dell
2023,15,12,Jonathan Mingo
2024,7,2,Tank Dell
2024,10,6,Blake Corum
2024,11,5,Hollywood Brown
2024,11,8,Jonathon Brooks
2024,13,2,DeMario Douglas
2024,15,11,Trey Benson
2019,5,2,Kerryon Johnson
2019,5,3,Derrius Guice
2019,8,3,Alshon Jeffery
2019,8,5,Sammy Watkins
2019,11,5,Dede Westbrook
2019,11,8,Royce Freeman
2019,11,10,Dante Pettis
2019,13,3,Riley Ridley
2019,13,5,Stephen Gostkowski
2019,14,1,Kalen Ballage
2019,14,8,Darwin Thompson
2019,14,9,Vance McDonald
2019,15,9,Peyton Barber
2019,16,7,Michael Badgley
2020,9,3,Kerryon Johnson
2020,10,4,Henry Ruggs III
2020,10,11,Ke'Shawn Vaughn
2020,11,11,Mecole Hardman
2020,12,6,N'Keal Harry
2020,13,8,Jalen Reagor
2020,14,11,Anthony Miller
2020,15,4,Stephen Gostkowski
2020,15,7,Sammy Watkins
2020,15,9,Parris Campbell
2021,9,5,Trey Sermon
2021,9,12,Terrace Marshall Jr.
2021,11,11,Laviska Shenault Jr.
2021,13,5,Marquez Callaway
2021,14,6,Mecole Hardman
2021,14,10,Henry Ruggs III
2021,15,4,Jalen Reagor
2021,15,5,Sam Ficken
2021,15,9,Dee Eskridge
2022,12,9,Treylon Burks
2022,13,4,Irv Smith Jr.
2022,13,6,Skyy Moore
2023,10,7,Skyy Moore
2023,10,12,Sam Howell
2023,11,6,Treylon Burks
2023,11,12,Desmond Ridder
2023,13,6,Chigoziem Okonkwo
2023,14,1,Tank Dell
2023,15,12,Jonathan Mingo
2024,7,2,Tank Dell
2024,10,6,Blake Corum
2024,11,5,Hollywood Brown
2024,11,8,Jonathon Brooks
2024,13,2,DeMario Douglas
2024,15,11,Trey Benson
2019,5,2,Kerryon Johnson
2020,9,3,Kerryon Johnson
2021,9,5,Trey Sermon
2022,12,9,Treylon Burks
2023,10,7,Skyy Moore
2024,7,2,Tank Dell
2019,5,2,Kerryon Johnson
2020,9,3,Kerryon Johnson
2021,9,5,Trey Sermon
2022,12,9,Treylon Burks
2023,10,7,Skyy Moore
2024,7,2,Tank Dell
2019,5,2,Kerryon Johnson
2020,9,3,Kerryon Johnson
2021,9,5,Trey Sermon
2022,12,9,Treylon Burks
2023,10,7,Skyy Moore
2024,7,2,Tank Dell
2019,5,2,Kerryon Johnson
2020,9,3,Kerryon Johnson
2021,9,5,Trey Sermon
2022,12,9,Treylon Burks
2023,10,7,Skyy Moore
2024,7,2,Tank Dell
2019,5,2,Kerryon Johnson
2020,9,3,Kerryon Johnson
2021,9,5,Trey Sermon
2022,12,9,Treylon Burks
2023,10,7,Skyy Moore
2024,7,2,Tank Dell
2019,5,2,Kerryon Johnson
2020,9,3,Kerryon Johnson
2021,9,5,Trey Sermon
2022,12,9,Treylon Burks
2023,10,7,Skyy Moore
2024,7,2,Tank Dell
2019,5,2,Kerryon Johnson
2020,9,3,Kerryon Johnson
2021,9,5,Trey Sermon
2022,12,9,Treylon Burks
2023,10,7,Skyy Moore
2024,7,2,Tank Dell
2019,5,2,Kerryon Johnson
2020,9,3,Kerryon Johnson
2021,9,5,Trey Sermon
2022,12,9,Treylon Burks
2023,10,7,Skyy Moore
2024,7,2,Tank Dell
2019,5,2,Kerryon Johnson
2020,9,3,Kerryon Johnson
2021,9,5,Trey Sermon
2022,12,9,Treylon Burks
2023,10,7,Skyy Moore
2024,7,2,Tank Dell
2019,5,2,Kerryon Johnson
2020,9,3,Kerryon Johnson
2021,9,5,Trey Sermon
2022,12,9,Treylon Burks
2023,10,7,Skyy Moore
2024,7,2,Tank Dell
2019,5,2,Kerryon Johnson
2020,9,3,Kerryon Johnson
2021,9,5,Trey Sermon
2022,12,9,Treylon Burks
2023,10,7,Skyy Moore
2024,7,2,Tank Dell
2019,5,2,Kerryon Johnson
2020,9,3,Kerryon Johnson
2021,9,5,Trey Sermon
2022,12,9,Treylon Burks
2023,10,7,Skyy Moore
2024,7,2,Tank Dell
2019,5,2,Kerryon Johnson
2020,9,3,Kerryon Johnson
2021,9,5,Trey Sermon
2022,12,9,Treylon Burks
2023,10,7,Skyy Moore
2024,7,2,Tank Dell
2019,5,2,Kerryon Johnson
2020,9,3,Kerryon Johnson
2021,9,5,Trey Sermon
2022,12,9,Treylon Burks
2023,10,7,Skyy Moore
2024,7,2,Tank Dell
2019,5,2,Kerryon Johnson
2020,9,3,Kerryon Johnson
2021,9,5,Trey Sermon
2022,12,9,Treylon Burks
2023,10,7,Skyy Moore
2024,7,2,Tank Dell
2019,5,2,Kerryon Johnson
2019,5,3,Derrius Guice
2019,8,3,Alshon Jeffery
2019,8,5,Sammy Watkins
2019,11,5,Dede Westbrook
2019,11,8,Royce Freeman
2019,11,10,Dante Pettis
2019,13,3,Riley Ridley
2019,13,5,Stephen Gostkowski
2019,14,1,Kalen Ballage
2019,14,8,Darwin Thompson
2019,14,9,Vance McDonald
2019,15,9,Peyton Barber
2019,16,7,Michael Badgley
2020,10,4,Henry Ruggs III
2020,10,11,Ke'Shawn Vaughn
2020,11,11,Mecole Hardman
2020,12,6,N'Keal Harry
2020,13,8,Jalen Reagor
2020,14,11,Anthony Miller
2020,15,9,Parris Campbell
2021,9,5,Trey Sermon
2021,9,12,Terrace Marshall Jr.
2021,11,11,Laviska Shenault Jr.
2021,13,5,Marquez Callaway
2021,15,5,Sam Ficken
2021,15,9,Dee Eskridge
2022,12,9,Treylon Burks
2022,13,4,Irv Smith Jr.
2022,13,6,Skyy Moore
2023,10,12,Sam Howell
2023,11,12,Desmond Ridder
2023,13,6,Chigoziem Okonkwo
2023,14,1,Tank Dell
2023,15,12,Jonathan Mingo
2024,10,6,Blake Corum
2024,11,5,Hollywood Brown
2024,11,8,Jonathon Brooks
2024,13,2,DeMario Douglas
2019,8,10,Josh Gordon
2019,9,2,Duke Johnson
2019,13,7,Matt Breida
2019,14,2,Delanie Walker
2019,15,1,Ty Montgomery
2019,15,4,James Washington
2020,9,10,DeSean Jackson
2020,11,1,Preston Williams
2020,13,3,Matt Prater
2020,14,12,Chris Herndon
2021,11,12,Commanders D/ST
2023,15,8,Riley Patterson
2024,15,11,Trey Benson
2021,11,1,William Fuller V
2022,8,11,Gabe Davis
2022,13,3,Robbie Anderson
2019,5,2,Kerryon Johnson
2020,9,3,Kerryon Johnson
2021,9,5,Trey Sermon
2022,8,11,Gabe Davis
2023,10,4,Gabe Davis
2024,7,2,Tank Dell
2019,5,2,Kerryon Johnson
2020,9,3,Kerryon Johnson
2021,9,5,Trey Sermon
2022,8,11,Gabe Davis
2023,10,4,Gabe Davis
2024,7,2,Tank Dell
2019,5,2,Kerryon Johnson
2019,5,3,Derrius Guice
2019,8,3,Alshon Jeffery
2019,8,5,Sammy Watkins
2019,8,10,Josh Gordon
2019,9,2,Duke Johnson
2019,11,5,Dede Westbrook
2019,11,8,Royce Freeman
2019,11,10,Dante Pettis
2019,13,3,Riley Ridley
2019,13,5,Stephen Gostkowski
2019,13,7,Matt Breida
2019,14,1,Kalen Ballage
2019,14,2,Delanie Walker
2019,14,8,Darwin Thompson
2019,14,9,Vance McDonald
2019,15,1,Ty Montgomery
2019,15,4,James Washington
2019,15,9,Peyton Barber
2019,16,7,Michael Badgley
2020,9,10,DeSean Jackson
2020,10,4,Henry Ruggs III
2020,10,11,Ke'Shawn Vaughn
2020,11,1,Preston Williams
2020,11,11,Mecole Hardman
2020,12,6,N'Keal Harry
2020,13,3,Matt Prater
2020,13,8,Jalen Reagor
2020,14,11,Anthony Miller
2020,14,12,Chris Herndon
2020,15,9,Parris Campbell
2021,9,5,Trey Sermon
2021,9,12,Terrace Marshall Jr.
2021,11,1,William Fuller V
2021,11,11,Laviska Shenault Jr.
2021,11,12,Commanders D/ST
2021,13,5,Marquez Callaway
2021,15,5,Sam Ficken
2021,15,9,Dee Eskridge
2022,8,11,Gabe Davis
2022,12,9,Treylon Burks
2022,13,3,Robbie Anderson
2022,13,4,Irv Smith Jr.
2022,13,6,Skyy Moore
2023,10,12,Sam Howell
2023,11,12,Desmond Ridder
2023,13,6,Chigoziem Okonkwo
2023,14,1,Tank Dell
2023,15,8,Riley Patterson
2023,15,12,Jonathan Mingo
2024,10,6,Blake Corum
2024,11,5,Hollywood Brown
2024,11,8,Jonathon Brooks
2024,13,2,DeMario Douglas
2024,15,11,Trey Benson
2019,5,2,Kerryon Johnson
2019,5,3,Derrius Guice
2019,8,3,Alshon Jeffery
2019,8,5,Sammy Watkins
2019,8,10,Josh Gordon
2019,9,2,Duke Johnson
2019,11,5,Dede Westbrook
2019,11,8,Royce Freeman
2019,11,10,Dante Pettis
2019,13,3,Riley Ridley
2019,13,5,Stephen Gostkowski
2019,13,7,Matt Breida
2019,14,1,Kalen Ballage
2019,14,2,Delanie Walker
2019,14,8,Darwin Thompson
2019,14,9,Vance McDonald
2019,15,1,Ty Montgomery
2019,15,4,James Washington
2019,15,9,Peyton Barber
2019,16,7,Michael Badgley
2020,9,10,DeSean Jackson
2020,10,4,Henry Ruggs III
2020,10,11,Ke'Shawn Vaughn
2020,11,1,Preston Williams
2020,11,11,Mecole Hardman
2020,12,6,N'Keal Harry
2020,13,3,Matt Prater
2020,13,8,Jalen Reagor
2020,14,11,Anthony Miller
2020,14,12,Chris Herndon
2020,15,9,Parris Campbell
2021,9,5,Trey Sermon
2021,9,12,Terrace Marshall Jr.
2021,11,1,William Fuller V
2021,11,11,Laviska Shenault Jr.
2021,11,12,Commanders D/ST
2021,13,5,Marquez Callaway
2021,15,5,Sam Ficken
2021,15,9,Dee Eskridge
2022,8,11,Gabe Davis
2022,12,9,Treylon Burks
2022,13,3,Robbie Anderson
2022,13,4,Irv Smith Jr.
2022,13,6,Skyy Moore
2023,10,12,Sam Howell
2023,11,12,Desmond Ridder
2023,13,6,Chigoziem Okonkwo
2023,14,1,Tank Dell
2023,15,8,Riley Patterson
2023,15,12,Jonathan Mingo
2024,10,6,Blake Corum
2024,11,5,Hollywood Brown
2024,11,8,Jonathon Brooks
2024,13,2,DeMario Douglas
2024,15,11,Trey Benson
2019,5,2,Kerryon Johnson
2019,5,3,Derrius Guice
2019,8,3,Alshon Jeffery
2019,8,5,Sammy Watkins
2019,8,10,Josh Gordon
2019,9,2,Duke Johnson
2019,11,5,Dede Westbrook
2019,11,8,Royce Freeman
2019,11,10,Dante Pettis
2019,13,3,Riley Ridley
2019,13,5,Stephen Gostkowski
2019,13,7,Matt Breida
2019,14,1,Kalen Ballage
2019,14,2,Delanie Walker
2019,14,8,Darwin Thompson
2019,14,9,Vance McDonald
2019,15,1,Ty Montgomery
2019,15,4,James Washington
2019,15,9,Peyton Barber
2019,16,7,Michael Badgley
2020,9,10,DeSean Jackson
2020,10,4,Henry Ruggs III
2020,10,11,Ke'Shawn Vaughn
2020,11,1,Preston Williams
2020,11,11,Mecole Hardman
2020,12,6,N'Keal Harry
2020,13,3,Matt Prater
2020,13,8,Jalen Reagor
2020,14,11,Anthony Miller
2020,14,12,Chris Herndon
2020,15,9,Parris Campbell
2021,9,5,Trey Sermon
2021,9,12,Terrace Marshall Jr.
2021,11,1,William Fuller V
2021,11,11,Laviska Shenault Jr.
2021,11,12,Commanders D/ST
2021,13,5,Marquez Callaway
2021,15,5,Sam Ficken
2021,15,9,Dee Eskridge
2022,8,11,Gabe Davis
2022,12,9,Treylon Burks
2022,13,3,Robbie Anderson
2022,13,4,Irv Smith Jr.
2022,13,6,Skyy Moore
2023,10,12,Sam Howell
2023,11,12,Desmond Ridder
2023,13,6,Chigoziem Okonkwo
2023,14,1,Tank Dell
2023,15,8,Riley Patterson
2023,15,12,Jonathan Mingo
2024,10,6,Blake Corum
2024,11,5,Hollywood Brown
2024,11,8,Jonathon Brooks
2024,13,2,DeMario Douglas
2024,15,11,Trey Benson
2019,5,2,Kerryon Johnson
2019,5,3,Derrius Guice
2019,8,3,Alshon Jeffery
2019,8,5,Sammy Watkins
2019,8,10,Josh Gordon
2019,9,2,Duke Johnson
2019,11,5,Dede Westbrook
2019,11,8,Royce Freeman
2019,11,10,Dante Pettis
2019,13,3,Riley Ridley
2019,13,5,Stephen Gostkowski
2019,13,7,Matt Breida
2019,14,1,Kalen Ballage
2019,14,2,Delanie Walker
2019,14,8,Darwin Thompson
2019,14,9,Vance McDonald
2019,15,1,Ty Montgomery
2019,15,4,James Washington
2019,15,9,Peyton Barber
2019,16,7,Michael Badgley
2020,9,10,DeSean Jackson
2020,10,4,Henry Ruggs III
2020,10,11,Ke'Shawn Vaughn
2020,11,1,Preston Williams
2020,11,11,Mecole Hardman
2020,12,6,N'Keal Harry
2020,13,3,Matt Prater
2020,13,8,Jalen Reagor
2020,14,11,Anthony Miller
2020,14,12,Chris Herndon
2020,15,9,Parris Campbell
2021,9,5,Trey Sermon
2021,9,12,Terrace Marshall Jr.
2021,11,1,William Fuller V
2021,11,11,Laviska Shenault Jr.
2021,11,12,Commanders D/ST
2021,13,5,Marquez Callaway
2021,15,5,Sam Ficken
2021,15,9,Dee Eskridge
2022,8,11,Gabe Davis
2022,12,9,Treylon Burks
2022,13,3,Robbie Anderson
2022,13,4,Irv Smith Jr.
2022,13,6,Skyy Moore
2023,10,12,Sam Howell
2023,11,12,Desmond Ridder
2023,13,6,Chigoziem Okonkwo
2023,14,1,Tank Dell
2023,15,8,Riley Patterson
2023,15,12,Jonathan Mingo
2024,10,6,Blake Corum
2024,11,5,Hollywood Brown
2024,11,8,Jonathon Brooks
2024,13,2,DeMario Douglas
2024,15,11,Trey Benson
